Starting project at /home/code/App
Starting Metro Bundler
The following packages should be updated for best compatibility with the installed expo version:
  expo@54.0.10 - expected version: 54.0.12
  expo-image-picker@16.0.6 - expected version: ~17.0.8
  expo-local-authentication@15.0.2 - expected version: ~17.0.7
  expo-router@6.0.8 - expected version: ~6.0.10
  expo-secure-store@14.0.1 - expected version: ~15.0.7
  expo-web-browser@15.0.7 - expected version: ~15.0.8
Your project may not work correctly until you install the expected versions of the packages.
Waiting on http://localhost:8081
Logs for your project will appear below.
Web node_modules/expo-router/entry.js ░░░░░░░░░░░░░░░░  0.0% (0/1)
Web Bundled 2710ms node_modules/expo-router/entry.js (2506 modules)
 LOG  [web] Logs will appear in the browser console
Error: Unauthorized request from https://huge-forks-decide.lindy.site. This may happen because of a conflicting browser extension to intercept HTTP requests. Disable browser extensions or use incognito mode and try again.
    at /home/code/App/node_modules/@expo/cli/src/start/server/middleware/CorsMiddleware.ts:27:11
    at call (/home/code/App/node_modules/connect/index.js:239:7)
    at next (/home/code/App/node_modules/connect/index.js:183:5)
    at /home/code/App/node_modules/@expo/cli/src/start/server/middleware/ContextModuleSourceMapsMiddleware.ts:16:16
    at call (/home/code/App/node_modules/connect/index.js:239:7)
    at next (/home/code/App/node_modules/connect/index.js:183:5)
    at middleware (/home/code/App/node_modules/@expo/cli/src/start/server/middleware/ExpoMiddleware.ts:62:16)
    at call (/home/code/App/node_modules/connect/index.js:239:7)
    at next (/home/code/App/node_modules/connect/index.js:183:5)
    at Function.handle (/home/code/App/node_modules/connect/index.js:186:3)
